<?xml version="1.0" encoding="UTF-8"?>
<!-- Generated by org.testng.reporters.JUnitXMLReporter -->
<testsuite ignored="0" hostname="C575LXJ79267913" failures="0" tests="1" name="Test" time="86.765" errors="0" timestamp="2022-10-16T00:10:29 JST">
  <testcase classname="VestedFinanceProject.VestedFinanceProject.AppTest" name="@BeforeTest login" time="86.556">
    <failure type="org.openqa.selenium.ElementNotInteractableException" message="element not interactable
  (Session info: chrome=105.0.5195.127)
Build info: version: &amp;apos;4.4.0&amp;apos;, revision: &amp;apos;e5c75ed026a&amp;apos;
System info: host: &amp;apos;C575LXJ79267913&amp;apos;, ip: &amp;apos;172.29.48.1&amp;apos;, os.name: &amp;apos;Windows 10&amp;apos;, os.arch: &amp;apos;amd64&amp;apos;, os.version: &amp;apos;10.0&amp;apos;, java.version: &amp;apos;17.0.4&amp;apos;
Driver info: org.openqa.selenium.chrome.ChromeDriver
Command: [ea38c6354f6abb244b6035e953f0fbb7, clickElement {id=954a9350-b31d-4b63-b98a-45279ffb0f8f}]
Capabilities {acceptInsecureCerts: false, browserName: chrome, browserVersion: 105.0.5195.127, chrome: {chromedriverVersion: 104.0.5112.79 (3cf3e8c8a07d..., userDataDir: C:\Users\A575_O~1\AppData\L...}, goog:chromeOptions: {debuggerAddress: localhost:56233}, networkConnectionEnabled: false, pageLoadStrategy: normal, platformName: WINDOWS, proxy: Proxy(), se:cdp: ws://localhost:56233/devtoo..., se:cdpVersion: 105.0.5195.127, setWindowRect: true, strictFileInteractability: false, timeouts: {implicit: 0, pageLoad: 300000, script: 30000}, unhandledPromptBehavior: dismiss and notify, webauthn:extension:credBlob: true, webauthn:extension:largeBlob: true, webauthn:virtualAuthenticators: true}
Element: [[ChromeDriver: chrome on WINDOWS (ea38c6354f6abb244b6035e953f0fbb7)] -&amp;gt; xpath: //*[@id=&amp;quot;main&amp;quot;]/div/div/div[3]/div[2]/div/div[2]/table/thead/tr/th[1]]
Session ID: ea38c6354f6abb244b6035e953f0fbb7">
      <![CDATA[org.openqa.selenium.ElementNotInteractableException: element not interactable
  (Session info: chrome=105.0.5195.127)
Build info: version: '4.4.0', revision: 'e5c75ed026a'
System info: host: 'C575LXJ79267913', ip: '172.29.48.1', os.name: 'Windows 10', os.arch: 'amd64', os.version: '10.0', java.version: '17.0.4'
Driver info: org.openqa.selenium.chrome.ChromeDriver
Command: [ea38c6354f6abb244b6035e953f0fbb7, clickElement {id=954a9350-b31d-4b63-b98a-45279ffb0f8f}]
Capabilities {acceptInsecureCerts: false, browserName: chrome, browserVersion: 105.0.5195.127, chrome: {chromedriverVersion: 104.0.5112.79 (3cf3e8c8a07d..., userDataDir: C:\Users\A575_O~1\AppData\L...}, goog:chromeOptions: {debuggerAddress: localhost:56233}, networkConnectionEnabled: false, pageLoadStrategy: normal, platformName: WINDOWS, proxy: Proxy(), se:cdp: ws://localhost:56233/devtoo..., se:cdpVersion: 105.0.5195.127, setWindowRect: true, strictFileInteractability: false, timeouts: {implicit: 0, pageLoad: 300000, script: 30000}, unhandledPromptBehavior: dismiss and notify, webauthn:extension:credBlob: true, webauthn:extension:largeBlob: true, webauthn:virtualAuthenticators: true}
Element: [[ChromeDriver: chrome on WINDOWS (ea38c6354f6abb244b6035e953f0fbb7)] -> xpath: //*[@id="main"]/div/div/div[3]/div[2]/div/div[2]/table/thead/tr/th[1]]
Session ID: ea38c6354f6abb244b6035e953f0fbb7
at org.openqa.selenium.remote.codec.w3c.W3CHttpResponseCodec.createException(W3CHttpResponseCodec.java:200)
at org.openqa.selenium.remote.codec.w3c.W3CHttpResponseCodec.decode(W3CHttpResponseCodec.java:133)
at org.openqa.selenium.remote.codec.w3c.W3CHttpResponseCodec.decode(W3CHttpResponseCodec.java:53)
at org.openqa.selenium.remote.HttpCommandExecutor.execute(HttpCommandExecutor.java:184)
at org.openqa.selenium.remote.service.DriverCommandExecutor.invokeExecute(DriverCommandExecutor.java:167)
at org.openqa.selenium.remote.service.DriverCommandExecutor.execute(DriverCommandExecutor.java:142)
at org.openqa.selenium.remote.RemoteWebDriver.execute(RemoteWebDriver.java:547)
at org.openqa.selenium.remote.RemoteWebElement.execute(RemoteWebElement.java:257)
at org.openqa.selenium.remote.RemoteWebElement.click(RemoteWebElement.java:78)
at VestedFinanceProject.VestedFinanceProject.AppTest.login(AppTest.java:72)
... Removed 29 stack frames]]>
    </failure>
  </testcase> <!-- @BeforeTest login -->
  <testcase classname="VestedFinanceProject.VestedFinanceProject.AppTest" name="@AfterTest closeBrowser" time="0.0">
    <skipped/>
  </testcase> <!-- @AfterTest closeBrowser -->
  <testcase classname="VestedFinanceProject.VestedFinanceProject.AppTest" name="pageclasses" time="0.0">
    <skipped/>
  </testcase> <!-- pageclasses -->
</testsuite> <!-- Test -->
